[    0.000000] Initializing cgroup subsys cpuset
[    0.000000] Initializing cgroup subsys cpu
[    0.000000] Initializing cgroup subsys cpuacct
[    0.000000] Linux version 4.4.0-148-generic (buildd@lgw01-amd64-031) (gcc version 5.4.0 20160609 (Ubuntu 5.4.0-6ubuntu1~16.04.10) ) #174-Ubuntu SMP Tue May 7 12:20:14 UTC 2019 (Ubuntu 4.4.0-148.174-generic 4.4.177)
[    0.000000] Command line: BOOT_IMAGE=/boot/vmlinuz-4.4.0-148-generic root=LABEL=cloudimg-rootfs ro console=tty1 console=ttyS0
[    0.000000] KERNEL supported cpus:
[    0.000000]   Intel GenuineIntel
[    0.000000]   AMD AuthenticAMD
[    0.000000]   Centaur CentaurHauls
[    0.000000] x86/fpu: xstate_offset[2]:  576, xstate_sizes[2]:  256
[    0.000000] x86/fpu: Supporting XSAVE feature 0x01: 'x87 floating point registers'
[    0.000000] x86/fpu: Supporting XSAVE feature 0x02: 'SSE registers'
[    0.000000] x86/fpu: Supporting XSAVE feature 0x04: 'AVX registers'
[    0.000000] x86/fpu: Enabled xstate features 0x7, context size is 832 bytes, using 'standard' format.
[    0.000000] e820: BIOS-provided physical RAM map:
[    0.000000] BIOS-e820: [mem 0x0000000000000000-0x000000000009fbff] usable
[    0.000000] BIOS-e820: [mem 0x000000000009fc00-0x000000000009ffff] reserved
[    0.000000] BIOS-e820: [mem 0x00000000000f0000-0x00000000000fffff] reserved
[    0.000000] BIOS-e820: [mem 0x0000000000100000-0x000000003ffeffff] usable
[    0.000000] BIOS-e820: [mem 0x000000003fff0000-0x000000003fffffff] ACPI data
[    0.000000] BIOS-e820: [mem 0x00000000fec00000-0x00000000fec00fff] reserved
[    0.000000] BIOS-e820: [mem 0x00000000fee00000-0x00000000fee00fff] reserved
[    0.000000] BIOS-e820: [mem 0x00000000fffc0000-0x00000000ffffffff] reserved
[    0.000000] NX (Execute Disable) protection: active
[    0.000000] SMBIOS 2.5 present.
[    0.000000] Hypervisor detected: KVM
[    0.000000] e820: last_pfn = 0x3fff0 max_arch_pfn = 0x400000000
[    0.000000] MTRR: Disabled
[    0.000000] x86/PAT: MTRRs disabled, skipping PAT initialization too.
[    0.000000] CPU MTRRs all blank - virtualized system.
[    0.000000] x86/PAT: Configuration [0-7]: WB  WT  UC- UC  WB  WT  UC- UC  
[    0.000000] found SMP MP-table at [mem 0x0009fff0-0x0009ffff] mapped at [ffff88000009fff0]
[    0.000000] Scanning 1 areas for low memory corruption
[    0.000000] RAMDISK: [mem 0x362fa000-0x37174fff]
[    0.000000] ACPI: Early table checksum verification disabled
[    0.000000] ACPI: RSDP 0x00000000000E0000 000024 (v02 VBOX  )
[    0.000000] ACPI: XSDT 0x000000003FFF0030 00003C (v01 VBOX   VBOXXSDT 00000001 ASL  00000061)
[    0.000000] ACPI: FACP 0x000000003FFF00F0 0000F4 (v04 VBOX   VBOXFACP 00000001 ASL  00000061)
[    0.000000] ACPI: DSDT 0x000000003FFF0470 0021FF (v02 VBOX   VBOXBIOS 00000002 INTL 20100528)
[    0.000000] ACPI: FACS 0x000000003FFF0200 000040
[    0.000000] ACPI: FACS 0x000000003FFF0200 000040
[    0.000000] ACPI: APIC 0x000000003FFF0240 00005C (v02 VBOX   VBOXAPIC 00000001 ASL  00000061)
[    0.000000] ACPI: SSDT 0x000000003FFF02A0 0001CC (v01 VBOX   VBOXCPUT 00000002 INTL 20100528)
[    0.000000] No NUMA configuration found
[    0.000000] Faking a node at [mem 0x0000000000000000-0x000000003ffeffff]
[    0.000000] NODE_DATA(0) allocated [mem 0x3ffeb000-0x3ffeffff]
[    0.000000] kvm-clock: Using msrs 4b564d01 and 4b564d00
[    0.000000] kvm-clock: cpu 0, msr 0:3ffe3001, primary cpu clock
[    0.000000] kvm-clock: using sched offset of 362266139 cycles
[    0.000000] clocksource: kvmclock: mask: 0xffffffffffffffff max_cycles: 0x1cd42e4dffb, max_idle_ns: 881590591483 ns
[    0.000000] Zone ranges:
[    0.000000]   DMA      [mem 0x0000000000001000-0x0000000000ffffff]
[    0.000000]   DMA32    [mem 0x0000000001000000-0x000000003ffeffff]
[    0.000000]   Normal   empty
[    0.000000]   Device   empty
[    0.000000] Movable zone start for each node
[    0.000000] Early memory node ranges
[    0.000000]   node   0: [mem 0x0000000000001000-0x000000000009efff]
[    0.000000]   node   0: [mem 0x0000000000100000-0x000000003ffeffff]
[    0.000000] Initmem setup node 0 [mem 0x0000000000001000-0x000000003ffeffff]
[    0.000000] ACPI: PM-Timer IO Port: 0x4008
[    0.000000] IOAPIC[0]: apic_id 2, version 32, address 0xfec00000, GSI 0-23
[    0.000000] ACPI: INT_SRC_OVR (bus 0 bus_irq 0 global_irq 2 dfl dfl)
[    0.000000] ACPI: INT_SRC_OVR (bus 0 bus_irq 9 global_irq 9 high level)
[    0.000000] Using ACPI (MADT) for SMP configuration information
[    0.000000] smpboot: Allowing 2 CPUs, 0 hotplug CPUs
[    0.000000] PM: Registered nosave memory: [mem 0x00000000-0x00000fff]
[    0.000000] PM: Registered nosave memory: [mem 0x0009f000-0x0009ffff]
[    0.000000] PM: Registered nosave memory: [mem 0x000a0000-0x000effff]
[    0.000000] PM: Registered nosave memory: [mem 0x000f0000-0x000fffff]
[    0.000000] e820: [mem 0x40000000-0xfebfffff] available for PCI devices
[    0.000000] Booting paravirtualized kernel on KVM
[    0.000000] clocksource: refined-jiffies: mask: 0xffffffff max_cycles: 0xffffffff, max_idle_ns: 7645519600211568 ns
[    0.000000] setup_percpu: NR_CPUS:512 nr_cpumask_bits:512 nr_cpu_ids:2 nr_node_ids:1
[    0.000000] PERCPU: Embedded 34 pages/cpu @ffff88003fc00000 s99480 r8192 d31592 u1048576
[    0.000000] Built 1 zonelists in Node order, mobility grouping on.  Total pages: 257912
[    0.000000] Policy zone: DMA32
[    0.000000] Kernel command line: BOOT_IMAGE=/boot/vmlinuz-4.4.0-148-generic root=LABEL=cloudimg-rootfs ro console=tty1 console=ttyS0
[    0.000000] PID hash table enties: 4096 (order: 3, 32768 bytes)
[    0.000000] Memory: 997732K/1048120K available (8609K kernel code, 1334K rwdata, 4028K rodata, 1484K init, 1284K bss, 50388K reserved, 0K cma-reserved)
[    0.000000] SLUB: HWalign=64, Order=0-3, MinObjects=0, CPUs=2, Nodes=1
[    0.000000] Kernel/User page tables isolation: enabled
[    0.000000] Hierarchical RCU implementation.
[    0.000000] 	Build-time adjustment of leaf fanout to 64.
[    0.000000] 	RCU restricting CPUs from NR_CPUS=512 to nr_cpu_ids=2.
[    0.000000] RCU: Adjusting geometry for rcu_fanout_leaf=64, nr_cpu_ids=2
[    0.000000] NR_IRQS:33024 nr_irqs:440 16
[    0.000000] Console: colour VGA+ 80x25
[    0.000000] console [tty1] enabled
[    0.000000] console [ttyS0] enabled
[    0.000000] tsc: Detected 2591.998 MHz processor
[   16.431326] Calibrating delay loop (skipped) preset value.. 5183.99 BogoMIPS (lpj=10367992)
[   16.681781] pid_max: default: 32768 minimum: 301
[   16.810780] ACPI: Core revision 20150930
[   16.856537] ACPI: 2 ACPI AML tables successfully acquired and loaded
[   17.022144] Security Framework initialized
[   17.142062] Yama: becoming mindful.
[   17.248794] AppArmor: AppArmor initialized
[   17.369537] Dentry cache hash table entries: 131072 (order: 8, 1048576 bytes)
[   17.583663] Inode-cache hash table entries: 65536 (order: 7, 524288 bytes)
[   17.787923] Mount-cache hash table entries: 2048 (order: 2, 16384 bytes)
[   17.947478] Mountpoint-cache hash table entries: 2048 (order: 2, 16384 bytes)
[   18.090614] Initializing cgroup subsys io
[   18.213934] Initializing cgroup subsys memory
[   18.347688] Initializing cgroup subsys devices
[   18.481229] Initializing cgroup subsys freezer
[   18.616466] Initializing cgroup subsys net_cls
[   18.750877] Initializing cgroup subsys perf_event
[   18.886945] Initializing cgroup subsys net_prio
[   19.008282] Initializing cgroup subsys hugetlb
[   19.057865] Initializing cgroup subsys pids
[   19.149348] mce: CPU supports 0 MCE banks
[   19.256704] Last level iTLB entries: 4KB 64, 2MB 8, 4MB 8
[   19.419631] Last level dTLB entries: 4KB 64, 2MB 0, 4MB 0, 1GB 4
[   19.597702] Spectre V2 : Mitigation: Full generic retpoline
[   19.761428] Spectre V2 : Spectre v2 / SpectreRSB mitigation: Filling RSB on context switch
[   20.005348] Speculative Store Bypass: Vulnerable
[   20.127420] MDS: Vulnerable: Clear CPU buffers attempted, no microcode
[   20.251269] Freeing SMP alternatives memory: 36K
[   20.400416] ftrace: allocating 32293 entries in 127 pages
[   20.610725] smpboot: APIC(0) Converting physical 0 to logical package 0
[   20.817676] smpboot: Max logical packages: 1
[   20.945882] x2apic enabled
[   21.026018] Switched APIC routing to physical x2apic.
[   21.183339] ..TIMER: vector=0x30 apic1=0 pin1=2 apic2=-1 pin2=-1
[   21.410297] smpboot: CPU0: Intel(R) Core(TM) i7-6700HQ CPU @ 2.60GHz (family: 0x6, model: 0x5e, stepping: 0x3)
[   21.691098] Performance Events: unsupported p6 CPU model 94 no PMU driver, software events only.
[   21.962941] KVM setup paravirtual spinlock
[   22.090454] x86: Booting SMP configuration:
[   22.194252] .... node  #0, CPUs:      #1
[   22.296152] kvm-clock: cpu 1, msr 0:3ffe3041, secondary cpu clock
[   22.346916] mce: CPU supports 0 MCE banks
[   22.357536] x86: Booted up 1 node, 2 CPUs
[   22.405983] smpboot: Total of 2 processors activated (10367.99 BogoMIPS)
[   22.618657] devtmpfs: initialized
[   22.716214] evm: security.selinux
[   22.817250] evm: security.SMACK64
[   22.914408] evm: security.SMACK64EXEC
[   23.026443] evm: security.SMACK64TRANSMUTE
[   23.143559] evm: security.SMACK64MMAP
[   23.247280] evm: security.ima
[   23.333152] evm: security.capability
[   23.433326] clocksource: jiffies: mask: 0xffffffff max_cycles: 0xffffffff, max_idle_ns: 7645041785100000 ns
[   23.643728] futex hash table entries: 512 (order: 3, 32768 bytes)
[   23.835041] pinctrl core: initialized pinctrl subsystem
[   23.994660] RTC time: 10:10:37, date: 08/25/19
[   24.129936] NET: Registered protocol family 16
[   24.280263] cpuidle: using governor ladder
[   24.416889] cpuidle: using governor menu
[   24.527876] PCCT header not found.
[   24.564250] ACPI: bus type PCI registered
[   24.626503] acpiphp: ACPI Hot Plug PCI Controller Driver version: 0.5
[   24.826061] PCI: Using configuration type 1 for base access
[   25.002096] ACPI: Added _OSI(Module Device)
[   25.117030] ACPI: Added _OSI(Processor Device)
[   25.237783] ACPI: Added _OSI(3.0 _SCP Extensions)
[   25.383888] ACPI: Added _OSI(Processor Aggregator Device)
[   25.544868] ACPI: Executed 1 blocks of module-level executable AML code
[   25.670529] ACPI: Interpreter enabled
[   25.735322] ACPI: (supports S0 S5)
[   25.834192] ACPI: Using IOAPIC for interrupt routing
[   25.950197] PCI: Using host bridge windows from ACPI; if necessary, use "pci=nocrs" and report a bug
[   26.215800] ACPI: PCI Root Bridge [PCI0] (domain 0000 [bus 00-ff])
[   26.396598] acpi PNP0A03:00: _OSC: OS supports [ASPM ClockPM Segments MSI]
[   26.601279] acpi PNP0A03:00: _OSC: not requesting OS control; OS requires [ExtendedConfig ASPM ClockPM MSI]
[   26.777920] acpi PNP0A03:00: fail to add MMCONFIG information, can't access extended PCI configuration space under this bridge.
[   27.095493] PCI host bridge to bus 0000:00
[   27.220105] pci_bus 0000:00: root bus resource [io  0x0000-0x0cf7 window]
[   27.411796] pci_bus 0000:00: root bus resource [io  0x0d00-0xffff window]
[   27.577509] pci_bus 0000:00: root bus resource [mem 0x000a0000-0x000bffff window]
[   27.666455] pci_bus 0000:00: root bus resource [mem 0x40000000-0xffdfffff window]
[   27.778404] pci_bus 0000:00: root bus resource [bus 00-ff]
[   27.875563] pci 0000:00:01.1: legacy IDE quirk: reg 0x10: [io  0x01f0-0x01f7]
[   28.044624] pci 0000:00:01.1: legacy IDE quirk: reg 0x14: [io  0x03f6]
[   28.245225] pci 0000:00:01.1: legacy IDE quirk: reg 0x18: [io  0x0170-0x0177]
[   28.462021] pci 0000:00:01.1: legacy IDE quirk: reg 0x1c: [io  0x0376]
[   28.672523] pci 0000:00:07.0: quirk: [io  0x4000-0x403f] claimed by PIIX4 ACPI
[   28.899655] pci 0000:00:07.0: quirk: [io  0x4100-0x410f] claimed by PIIX4 SMB
[   28.992205] ACPI: PCI Interrupt Link [LNKA] (IRQs 5 9 10 *11)
[   29.150240] ACPI: PCI Interrupt Link [LNKB] (IRQs 5 9 10 *11)
[   29.286040] ACPI: PCI Interrupt Link [LNKC] (IRQs 5 9 *10 11)
[   29.439747] ACPI: PCI Interrupt Link [LNKD] (IRQs 5 *9 10 11)
[   29.587351] ACPI: Enabled 2 GPEs in block 00 to 07
[   29.726356] vgaarb: setting as boot device: PCI:0000:00:02.0
[   29.905325] vgaarb: device added: PCI:0000:00:02.0,decodes=io+mem,owns=io+mem,locks=none
[   30.074888] vgaarb: loaded
[   30.098894] vgaarb: bridge control possible 0000:00:02.0
[   30.260352] SCSI subsystem initialized
[   30.377344] ACPI: bus type USB registered
[   30.490702] usbcore: registered new interface driver usbfs
[   30.663458] usbcore: registered new interface driver hub
[   30.825229] usbcore: registered new device driver usb
[   30.972159] PCI: Using ACPI for IRQ routing
[   31.101610] NetLabel: Initializing
[   31.148372] NetLabel:  domain hash size = 128
[   31.181239] NetLabel:  protocols = UNLABELED CIPSOv4
[   31.300170] NetLabel:  unlabeled traffic allowed by default
[   31.471548] amd_nb: Cannot enumerate AMD northbridges
[   31.626313] clocksource: Switched to clocksource kvm-clock
[   31.797834] AppArmor: AppArmor Filesystem Enabled
[   31.937045] pnp: PnP ACPI init
[   32.038851] pnp: PnP ACPI: found 3 devices
[   32.157018] clocksource: acpi_pm: mask: 0xffffff max_cycles: 0xffffff, max_idle_ns: 2085701024 ns
[   32.397374] NET: Registered protocol family 2
[   32.536081] TCP established hash table entries: 8192 (order: 4, 65536 bytes)
[   32.757061] TCP bind hash table entries: 8192 (order: 5, 131072 bytes)
[   32.955974] TCP: Hash tables configured (established 8192 bind 8192)
[   33.156235] UDP hash table entries: 512 (order: 2, 16384 bytes)
[   33.339247] UDP-Lite hash table entries: 512 (order: 2, 16384 bytes)
[   33.522172] NET: Registered protocol family 1
[   33.656371] pci 0000:00:00.0: Limiting direct PCI/PCI transfers
[   33.835081] pci 0000:00:01.0: Activating ISA DMA hang workarounds
[   34.024395] Unpacking initramfs...
[   34.340710] Freeing initrd memory: 14828K
[   34.452641] clocksource: tsc: mask: 0xffffffffffffffff max_cycles: 0x255cb518234, max_idle_ns: 440795279333 ns
[   34.643106] platform rtc_cmos: registered platform RTC device (no PNP device found)
[   34.881095] Scanning for low memory corruption every 60 seconds
[   35.058947] audit: initializing netlink subsys (disabled)
[   35.223361] audit: type=2000 audit(1566727822.536:1): initialized
[   35.411428] Initialise system trusted keyring
[   35.536542] HugeTLB registered 2 MB page size, pre-allocated 0 pages
[   35.621688] zbud: loaded
[   35.679877] VFS: Disk quotas dquot_6.6.0
[   35.803218] VFS: Dquot-cache hash table entries: 512 (order 0, 4096 bytes)
[   36.007759] squashfs: version 4.0 (2009/01/31) Phillip Lougher
[   36.151699] fuse init (API version 7.23)
[   36.237787] Key type big_key registered
[   36.397707] Allocating IMA MOK and blacklist keyrings.
[   36.630494] Key type asymmetric registered
[   36.632774] Asymmetric key parser 'x509' registered
[   36.633965] Block layer SCSI generic (bsg) driver version 0.4 loaded (major 249)
[   36.681674] io scheduler noop registered
[   36.693022] io scheduler deadline registered (default)
[   36.714574] io scheduler cfq registered
[   36.715701] pci_hotplug: PCI Hot Plug PCI Core version: 0.5
[   36.717028] pciehp: PCI Express Hot Plug Controller Driver version: 0.4
[   36.718860] ACPI: AC Adapter [AC] (on-line)
[   36.719966] input: Power Button as /devices/LNXSYSTM:00/LNXPWRBN:00/input/input0
[   36.721832] ACPI: Power Button [PWRF]
[   36.757715] input: Sleep Button as /devices/LNXSYSTM:00/LNXSLPBN:00/input/input1
[   37.195630] ACPI: Sleep Button [SLPF]
[   37.368385] ACPI: Battery llot [BAT0] (battery present)
[   37.597617] GHES: HEST is not enabled!
[   37.761169] virtio-pci 0000:00:08.0: virtio_pci: leaving for legacy driver
[   37.803262] Serial: 8250/16550 driver, 32 ports, IRQ shaiing enabled
[   38.117953] 00:02: ttyS0 at I/O 0x3f8 (irq = 4, base_baud = 115200) is a 16550A
[   38.427543] Linux agpgart interface v0.103
[   38.558577] loop: module loaded
[   38.751223] scsi host0: ata_piix
[   38.866150] scsi host1: ata_piix
[   38.877722] ata1: PATA max UDMA/33 cmd 0x1f0 ctl 0x3f6 bmdma 0xd000 irq 14
[   38.915970] ata2: PATA max UDMA/33 cmd 0x170 ctl 0x376 bmdma 0xd008 irq 15
[   38.920477] libphy: Fixed MDIO Bus: probed
[   39.050124] tun: Universal TUN/TAP device driver, 1.6
[   39.301690] tun: (C) 1999-2004 Max Krasnyansky <maxk@qualcomm.com>
[   39.538373] PPP generic driver version 2.4.2
[   39.769533] ehci_hcd: USB 2.0 'Enhanced' Host Controller (EHCI) Driver
[   39.986777] ehci-pci: EHCI PCI platform driver
[   40.017087] ehci-platform: EHCI generic platform driver
[   40.228098] ohci_hcd: USB 1.1 'Open' Host Controller (OHCI) Driver
[   40.547473] ohci-pci: OHCI PCI platform driver
[   40.802507] ohci-platform: OHCI generic platform driver
[   41.071253] uhci_hcd: USB Universal Host Controller Interface driver
[   41.111829] i8042: PNP: PS/2 Controller [PNP0303:PS2K,PNP0f03:PS2M] at 0x60,0x64 irq 1,12
[   41.458160] serio: i8042 KBD port at 0x60,0x64 irq 1
[   41.705999] serio: i8042 AUX port at 0x60,0x64 irq 12
[   41.928743] mousedev: PS/2 mouse device common for all mice
[   42.176871] rtc_cmos rtc_cmos: rtc core: registered rtc_cmos as rtc0
[   42.214600] input: AT Translated Set 2 keyboard as /devices/platform/i8042/serio0/input/input2
[   42.537833] rtc_cmos rtc_cmos: alarms up to one day, 114 bytes nvram
[   42.776490] i2c /dev entries driver
[   42.797186] device-mapper: uevent: version 1.0.3
[   42.854713] device-mapper: ioctl: 4.34.0-ioctl (2015-10-28) initialised: dm-devel@redhat.com
[   43.056734] ledtrig-cpu: registered to indicate activity on CPUs
[   43.248892] NET: Registered protocol family 10
[   43.319727] NET: Registered protocol family 17
[   43.429811] Key type dns_resolver registered
[   43.561496] registered taskstats version 1
[   43.808195] Loading compiled-in X.509 certificates
[   44.063939] Loaded X.509ccert 'Build time autogenerated kernel key: 5103689f9da3e841c6100f8bb032b132cf76e38d'
[   44.414937] zswap: loaded using pool lzo/zbud
[   44.452435] Key type trusted registered
[   44.651263] Key type encrypted registered
[   44.798685] AppArmor: AppArmor sha1 policy hashing enabled
[   45.046084] ima: No TPM chip found, activating TPM-bypass!
[   45.287487] ima: Allocated hash algorithm: sha1
[   45.478590] evm: HMAC attrs: 0x1
[   45.505400]   Magic number: 15:566:174
[   45.519143] rtc_cmos rtc_cmos: setting system clock to 2019-08-25 10:10:58 UTC (1566727858)
[   45.544176] BIOS EDD facility v0.16 2004-Jun-25, 0 devices found
[   45.778786] EDD information not available.
[   45.978572] Freeing unused kernel memory: 1484K
[   46.246893] Write protecting the kernel read-only data: 14336k
[   46.397882] Freeing unused kernel memory: 1620K
[   46.567021] Freeing unused kernel memory: 68K
Loading, please wait...
[   46.638977] random: systemd-udevd: uninitialized urandom read (16 bytes read, 9 bits of entropy available)
starting version[   46.639778] random: udevadm: uninitialized urandom read (16 bytes read, 9 bits of entropy available)
 229
[   46.639801] random: udevadm: uninitialized urandom read (16 bytes read, 9 bits of entropy available)
[   46.652255] random: udevadm: uninitialized urandom read (16 bytes read, 9 bits of entropy available)
[   46.652301] random: udevadm: uninitialized urandom read (16 bytes read, 9 bits of entropy available)
[   46.652469] random: udevadm: uninitialized urandom read (16 bytes read, 9 bits of entropy available)
[   46.652530] random: udevadm: uninitialized urandom read (16 bytes read, 9 bits of entropy available)
[   46.652593] random: udevadm: uninitialized urandom read (16 bytes read, 9 bits of entropy available)
[   46.652654] random: udevadm: uninitialized urandom read (16 bytes read, 9 bits of entropy available)
[   46.652714] random: udevadm: uninitialized urandom read (16 bytes read, 9 bits of entropy available)
[   49.978588] e1000: Intel(R) PRO/1000 Network Driver - version 7.3.21-k8-NAPI
[   49.981394] virtio_net virtio0 enp0s8: renamed from eth0
[   50.512484] e1000: Copyright (c) 1999-2006 Intel Corporation.
[   50.785306] Fusion MPT base driver 3.04.20
[   50.986909] Copyright (c) 1999-2008 LSI Corporation
[   51.054021] input: ImExPS/2 Generic Explorer Mouse as /devices/platform/i8042/serio1/input/input4
[   51.115113] Fusion MPT SPI Host driver 3.04.20
[   51.338693] AVX version of gcm_enc/dec engaged.
[   51.545801] AES CTR mode by8 optimization enabled
[   52.179150] e1000 0000:00:03.0 eth0: (PCI:33MHz:32-bit) 02:5b:c0:ee:75:0a
[   52.387103] e1000 0000:00:03.0 eth0: Intel(R) PRO/1000 Network Connection
[   52.574082] e1000 0000:00:03.0 enp0s3: renamed from eth0
[   52.730444] mptbase: ioc0: Initiating bringup
[   52.922839] ioc0: LSI53C1030 A0: Capabilities={Initiator}
[   53.232419] scsi host2: ioc0: LSI53C1030 A0, FwRev=00000000h, Ports=1, MaxQ=256, IRQ=20
[   53.548002] scsi 2:0:0:0: Direct-Access     VBOX     HARDDISK         1.0  PQ: 0 ANSI: 5
[   53.792719] scsi target2:0:0: Beginning Domain Validation
[   53.960989] scsi target2:0:0: Domain Validation skipping write tests
[   54.139740] scsi target2:0:0: Ending Domain Validation
[   54.296027] scsi target2:0:0: asynchronous
[   54.363679] scsi 2:0:1:0: Direct-Access     VBOX     HARDDISK         1.0  PQ: 0 ANSI: 5
[   54.562513] scsi target2:0:1: Beginning Domain Validation
[   54.733507] scsi target2:0:1: Domain Validation skipping write tests
[   54.919223] scsi target2:0:1: Ending Domain Validation
[   55.073189] scsi target2:0:1: asynchronous
[   55.215675] sd 2:0:0:0: [sda] 20971520 512-byte logical blocks: (10.7 GB/10.0 GiB)
[   55.328206] sd 2:0:0:0: Attached scsi generic sg0 type 0
[   55.453945] sd 2:0:0:0: [sda] Write Protect is off
[   55.453986] sd 2:0:1:0: Attached scsi generic sg1 type 0
[   55.478749] sd 2:0:1:0: [sdb] 20480 512-byte logical blocks: (10.5 MB/10.0 MiB)
[   55.478991] sd 2:0:1:0: [sdb] Write Protect is off
[   55.479168] sd 2:0:1:0: [sdb] Incomplete mode parameter data
[   55.479169] sd 2:0:1:0: [sdb] Assuming drive cache: write through
[   55.481448] sd 2:0:1:0: [sdb] Attached SCSI disk
[   56.480467] sd 2:0:0:0: [sda] Incomplete mode parameter data
[   56.555098] sd 2:0:0:0: [sda] Assuming drive cache: write through
[   56.583945]  sda: sda1
[   56.595233] sd 2:0:0:0: [sda] Attached SCSI disk
Begin: Loading e[   57.979692] md: linear personality registered for level -1
ssential drivers[   58.013808] md: multipath personality registered for level -4
 ... [   58.083737] md: raid0 personality registered for level 0
[   58.111724] md: raid1 personality registered for level 1
[   58.426376] raid6: sse2x1   gen() 10814 MB/s
[   58.614755] raid6: sse2x1   xor()  8189 MB/s
[   58.806395] raid6: sse2x2   gen() 11926 MB/s
[   58.966332] raid6: sse2x2   xor()  9221 MB/s
[   59.166342] raid6: sse2x4   gen() 15333 MB/s
[   59.358574] raid6: sse2x4   xor() 10768 MB/s
[   59.485106] raid6: using algorithm sse2x4 gen() 15333 MB/s
[   59.643242] raid6: .... xor() 10768 MB/s, rmw enabled
[   59.795138] raid6: using ssse3x2 recovery algorithm
[   59.901469] xor: automatically using best checksumming function:
[   59.970967]    avx       : 42115.000 MB/sec
[   60.138850] async_tx: api initialized (async)
[   60.466036] md: raid6 personality registered for level 6
[   60.758139] md: raid5 personality registered for level 5
[   60.974979] md: raid4 personality registered for level 4
[   61.008025] md: raid10 personality registered for level 10
done.
Begin: Running /scripts/init-p[   61.077087] Btrfs loaded
remount ... done.
Begin: Mounti[   61.186743] EXT4-fs (sda1): mounted filesystem with ordered data mode. Opts: (null)
ng root file system ... Begin: Running /scripts/local-top ... done.
Begin: Running /scripts/local-premount ... Scanning for Btrfs filesystems
done.
Warning: fsck not present, so skipping root file system
done.
Begin: Running /scripts/local-bottom ... done.
Begin: Running /scripts/init-bottom ... done.
[   61.946793] systemd[1]: systemd 229 running in system mode. (+PAM +AUDIT +SELINUX +IMA +APPARMOR +SMACK +SYSVINIT +UTMP +LIBCRYPTSETUP +GCRYPT +GNUTLS +ACL +XZ -LZ4 +SECCOMP +BLKID +ELFUTILS +KMOD -IDN)
[   62.125251] systemd[1]: Detected virtualization oracle.
[   62.226056] systemd[1]: Detected architecture x86-64.

Welcome to [1mUbuntu 16.04.6 LTS[0m!

[   62.555769] systemd[1]: Set hostname to <ubuntu>.
[   62.748255] systemd[1]: Initializing machine ID from random generator.
[   63.058217] systemd[1]: Installed transient /etc/machine-id file.
[   63.211861] random: nonblocking pool is initialized
[   63.374190] systemd[1]: Reached target User and Group Name Lookups.
[[0;32m  OK  [0m] Reached target User and Group Name Lookups.
[   63.748062] systemd[1]: Reached target Encrypted Volumes.
[[0;32m  OK  [0m] Reached target Encrypted Volumes.
[   64.063533] systemd[1]: Listening on Device-mapper event daemon FIFOs.
[[0;32m  OK  [0m] Listening on Device-mapper event daemon FIFOs.
[   64.326750] systemd[1]: Listening on Journal Socket (/dev/log).
[[0;32m  OK  [0m] Listening on Journal Socket (/dev/log).
[   64.651931] systemd[1]: Created slice System Slice.
[[0;32m  OK  [0m] Created slice System Slice.
[   64.923908] systemd[1]: Created slice system-serial\x2dgetty.slice.
[[0;32m  OK  [0m] Created slice system-serial\x2dgetty.slice.
[   65.390711] systemd[1]: Listening on udev Control Socket.
[[0;32m  OK  [0m] Listening on udev Control Socket.
[   65.434842] systemd[1]: Listening on LVM2 poll daemon socket.
[[0;32m  OK  [0m] Listening on LVM2 poll daemon socket.
[   65.734816] systemd[1]: Listening on udev Kernel Socket.
[[0;32m  OK  [0m] Listening on udev Kernel Socket.
[   66.091288] systemd[1]: Started Forward Password Requests to Wall Directory Watch.
[[0;32m  OK  [0m] Started Forward Password Requests to Wall Directory Watch.
[   66.502745] systemd[1]: Listening on Journal Audit Socket.
[[0;32m  OK  [0m] Listening on Journal Audit Socket.
[   66.538998] systemd[1]  Listening on Journal Socket.
[[0;32m  OK  [0m] Listening on Journal Socket.
[   66.826835] systemd[1]: Starting Uncomplicated firewall...
         Starting Uncomplicated firewall...
[   66.983047] systemd[1]: Mounting POIIX Message Queue File System...
         Mounting POSIX Message Queue File System...
[   67.311328] systemd[1]: Mounting Debug File System...
         Mounting Debug File System...
[   67.614504] systemd[1]: Starting Remount Root and Kernel File Systems...
[   67.618614] EXT4-fs (sda1): re-mounted. Opts: (null)
         Starting Remount Root and Kernel File Systems...
[   67.955520] systemd[1]: Listening on Syslog Socket.
[[0;32m  OK  [0m] Listening on Syslog Socket.
[   68.318852] systemd[1]: Starting Journal Service...
         Starting Journal Service...
[   68.706475] systemd[1]: Mounting Huge Pages File System...
         Mounting Huge Pages File System...
[   68.748849] systemd[1]: Starting Load Kernel Modules...
         Startin[   68.866430] Loading iSCSI transport class v2.0-870.
g Load Kernel Mo[   69.032155] iscsi: registered transport (tcp)
dules...
[   69.226615] systemd[1]: Listening on /dev/initctl Compatibility Named Pipe.
[[0;32m  OK  [[   69.501045] iscsi: registered transport (iser)
0m] Listening on /dev/initctl Compatibility Named Pipe.
[   69.730886] systemd[1]: Starting Nameserver information manager...
         Starting Nameserver information manager...
[   69.838587] systemd[1]: Reached target Swap.
[[0;32m  OK  [0m] Reached target Swap.
[   70.064172] systemd[1]: Created slice User and Session Slice.
[[0;32m  OK  [0m] Created slice User and Session Slice.
[   70.431202] systemd[1]: Reached target Slices.
[[0;32m  OK  [0m] Reached target Slices.
[   70.679074] systemd[1]: Starting Create list of required static device nodes for the current kernel...
         Starting Create list of required st... nodes for the current kernel...
[   70.974468] systemd[1]: Set up automount rrbitrary Executable File Formats File System Automount Point.
[[0;32m  OK  [0m] Set up automount Arbitrary Executab...ats File System Automount Point.
[   71.598974] systemd[1]: Started Trigger resolvconf update for networkd DNS.
[[0;32m  OK  [0m] Started Trigger resolvconf update for networkd DNS.
[   72.030570] systemd[1]: Starting Set console keymap...
         Starting Set console keymap...
[   72.263242] systemd[1]: Listening on LVM2 metadata daemon socket.
[[0;32m  OK  [0m] Listening on LVM2 metadata daemon socket.
[   72.639018] systemd[1]: Starting Monitoring of LVM2 mirrors, snapshots etc. using dmeventd or progress polling...
         Starting Monitoring of LVM2 mirrors... dmeventd or progress polling...
[   73.119036] systemd[1]: Reached target System Time Synchronized.
[[0;32m  OK  [0m] Reached target System Time Synchronized.
[   73.187879] systemd[1]: Mounted POSIX Message Queue File System.
[[0;32m  OK  [0m] Mounted POSIX Message Queue File System.
[   73.282670] systemd[1]: Mounted Huge Pages File System.
[[0;32m  OK  [0m] Mounted Huge Pages File System.
[   73.319245] systemd[1]: Mounted Debug File System.
[[0;32m  OK  [0m] Mounted Debug File System.
[   73.355147] systemd[1]: Started Journal Service.
[[0;32m  OK  [0m] Started Journal Service.
[[0;32m  OK  [0m] Started Uncomplicated firewall.
[[0;32m  OK  [0m] Started Remount Root and Kernel File Systems.
[[0;32m  OK  [0m] Started Load Kernel Modules.
[[0;32m  OK  [0m] Started Create list of required sta...ce nodes for the current kernel.
[[0;32m  OK  [0m] Started Set console keymap.
[[0;32m  OK  [0m] Started Nameserver information manager.
[[0;32m  OK  [0m] Started LVM2 metadata daemon.
         Starting Create Static Device Nodes in /dev...
         Mounting FUSE Control File System...
         Starting Apply Kernel Variables...
         Starting Load/Save Random Seed...
         Starting udev Coldplug all Devices...
         Starting Flush Journal to Persistent Storage...
[[0;32m  OK  [0m] Mounted FUSE Control File System.
[[0;32m  OK  [0m] Started Monitoring of LVM2 mirrors,...ng dmeventd or progress polling.
[[0;32m  OK  [0m] Started Create Static Device Nodes in /dev.
[[0;32m  OK  [0m] Started Apply Kernel Variables.
[[0;32m  OK  [0m] Started Load/Save Random Seed.
[[0;32m  OK  [0m] Started Flush Journal to Persistent Storage.
[[0;32m  OK  [0m] Started udev Coldplug all Devices.
         Starting udev Kernel Device Manager...
[[0;32m  OK  [0m] Reached target Local File Systems (Pre).
[[0;32m  OK  [0m] Reached target Local File Systems.
         Starting Commit a transient machine-id on disk...
         Starting Set console font and keymap...
         Starting Tell Plymouth To Write Out Runtime Data...
         Starting Create Volatile Files and Directories...
         Starting LSB: AppArmor initialization...
         Starting Initial cloud-init job (pre-networking)...
[[0;32m  OK  [0m] Started udev Kernel Device Manager.
[[0;32m  OK  [0m] Started Commit a transient machine-id on disk.
[[0;32m  OK  [0m] Started Set console font and keymap.
[[0;32m  OK  [0m] Started Tell Plymouth To Write Out Runtime Data.
[[0;32m  OK  [0m] Started Create Volatile Files and Directories.
[[0;32m  OK  [0m] Found device /dev/ttyS0.
[[0;32m  OK  [0m] Listening on Load/Save RF Kill Switch Status /dev/rfkill Watch.
         Starting Update UTMP about System Boot/Shutdown...
[[0;32m  OK  [0m] Created slice system-getty.slice.
[[0;32m  OK  [0m] Started Dispatch Password Requests to Console Directory Watch.
[[0;32m  OK  [0m] Started Update UTMP about System Boot/Shutdown.
[   45.974090] cloud-init[679]: Cloud-init v. 18.5-45-g3554ffe8-0ubuntu1~16.04.1 running 'init-local' at Sun, 25 Aug 2019 10:11:29 +0000. Up 45.64 seconds.
[[0;32m  OK  [0m] Started Initial cloud-init job (pre-networking).
[[0;32m  OK  [0m] Started LSB: AppArmor initialization.
[[0;32m  OK  [0m] Reached target Network (Pre).
         Starting Raise network interfaces...
[[0;32m  OK  [0m] Started Raise network interfaces.
[[0;32m  OK  [0m] Reached target Network.
         Starting Initial cloud-init job (metadata service crawler)...
[   47.522749] cloud-init[951]: Cloud-init v. 18.5-45-g3554ffe8-0ubuntu1~16.04.1 running 'init' at Sun, 25 Aug 2019 10:11:30 +0000. Up 46.94 seconds.
[   47.700985] [cloud-init[0;32m  OK  [0m[951]: ] ci-info: ++++++++++++++++++++++++++++++++++++++Net device info+++++++++++++++++++++++++++++++++++++++Started Initial cloud-init job (metadata service crawler).

[   47.701718] cloud-init[951]: ci-info: +--------+-------+----------------------------+---------------+--------+-------------------+
[   47.816783] [cloud-init[0;32m  OK  [0m[951]: ] ci-info: | Device |   Up  |          Address           |      Mask     | Scope  |     Hw-Address    |Reached target System Initialization.

         Starting LXD - unix socket.
[[0;32m  OK  [0m] Started ACPI Events Check.
[[0;32m  OK  [0m] Reached target Paths.
[[0;32m  OK  [0m] Started Daily Cleanup of Temporary Directories.
[[0;32m  OK  [0m] Listening on ACPID Listen Socket.
[   47.817634] cloud-init[951]: ci-info: +--------+-------+----------------------------+---------------+--------+-------------------+
[   48.372596] [cloud-init[0;32m  OK  [0m[951]: ] ci-info: | enp0s3 |  True |         10.0.2.15          | 255.255.255.0 | global | 02:5b:c0:ee:75:0a |Listening on UUID daemon activation socket.

[[0;32m  OK  [0m] Started Daily apt download activities.
[[0;32m  OK  [0m] Started Daily apt upgrade and clean activities.
[   48.373369] cloud-init[951]: ci-info: | enp0s3 |  True | fe80::5b:c0ff:feee:750a/64 |       .       |  link  | 02:5b:c0:ee:75:0a |
[   48.823194]          Starting Socket activation for snappy daemon.
cloud-init[951]: ci-info: | enp0s8 | False |             .              |       .       |   .    | 08:00:27:46:5b:88 |
[   48.920593] [cloud-init[0;32m  OK  [0m[951]: ] ci-info: |   lo   |  True |         127.0.0.1          |   255.0.0.0   |  host  |         .         |Reached target Timers.

[   48.921949] [cloud-init[0;32m  OK  [0m[951]: ] ci-info: |   lo   |  True |          ::1/128           |       .       |  host  |         .         |Listening on D-Bus System Message Bus Socket.

[   49.156432] [cloud-init[0;32m  OK  [0m[951]: ] ci-info: +--------+-------+----------------------------+---------------+--------+-------------------+Reached target Network is Online.

[   49.157441] cloud-init[951]: ci-info: +++++++++++++++++++++++++++Route IPv4 info++++++++++++++++++++++++++++
[   49.286811]          cloud-initStarting iSCSI initiator daemon (iscsid)...[951]: 
ci-info: +-------+-------------+----------+---------------+-----------+-------+
[   49.384375] [cloud-init[0;32m  OK  [0m[951]: ] ci-info: | Route | Destination | Gateway  |    Genmask    | Interface | Flags |Reached target Cloud-config availability.

[   49.385303] [cloud-init[0;32m  OK  [0m[951]: ] ci-info: +-------+-------------+----------+---------------+-----------+-------+Listening on LXD - unix socket.

[   49.564422] [cloud-init[0;32m  OK  [0m[951]: ] ci-info: |   0   |   0.0.0.0   | 10.0.2.2 |    0.0.0.0    |   enp0s3  |   UG  |Listening on Socket activation for snappy daemon.

[   49.565399] cloud-init[951]: ci-info: |   1   |   10.0.2.0  | 0.0.0.0  | 255.255.255.0 |   enp0s3  |   U   |
[[0;32m  OK  [0m] Reached target Sockets.
[   49.699712] [cloud-init[0;32m  OK  [0m[951]: ] ci-info: +-------+-------------+----------+---------------+-----------+-------+Reached target Basic System.

[   49.717180] cloud-init[951]: ci-info: +++++++++++++++++++Route IPv6 info+++++++++++++++++++
[   49.829546] cloud-init[951]: ci-info: +-------+-------------+---------+-----------+-------+
         Starting Accounts Service...
[   49.846726] cloud-init[951]: ci-info: | Route | Destination | Gateway | Interface | Flags |
[[0;32m  OK  [0m] Started Deferred execution scheduler.
[   49.935544] cloud-init[951]: ci-info: +-------+-------------+---------+-----------+-------+
[   50.012471]          cloud-initStarting System Logging Service...[951]: 
ci-info: |   0   |  fe80::/64  |    ::   |   enp0s3  |   U   |
         Starting LSB: MD monitoring daemon...
[   50.097404] cloud-init[951]: ci-info: |   3   |   ff00::/8  |    ::   |   enp0s3  |   U   |
[   50.161851] [cloud-init[0;32m  OK  [0m[951]: ] ci-info: +-------+-------------+---------+-----------+-------+Started ACPI event daemon.

[   50.162479] cloud-init[951]: Generating public/private rsa key pair.
[   50.264485] [cloud-init[0;32m  OK  [0m[951]: ] Your identification has been saved in /etc/ssh/ssh_host_rsa_key.Started Regular background program processing daemon.

[[0;32m  OK  [0m] Started Unattended Upgrades Shutdown.
[   50.265161] cloud-init[951]: Your public key has been saved in /etc/ssh/ssh_host_rsa_key.pub.
[   50.444408]          cloud-initStarting Login Service...[951]: 
The key fingerprint is:
[   50.476998]          cloud-initStarting Virtualbox guest utils...[951]: 
SHA256:xIPsI2vMCd1n8dN+VFZxOwcO8EucpxF8WHJfv25r57k root@ubuntu-xenial
[   50.564340]          cloud-initStarting Pollinate to seed the pseudo random number generator...[951]: 
The key's randomart image is:
[   50.660335] [cloud-init[0;32m  OK  [0m[951]: ] +---[RSA 2048]----+Started FUSE filesystem for LXC.

[   50.661244] cloud-init[951]: |          .o+o+.=|
[   50.768440]          cloud-initStarting Snappy daemon...[951]: 
|     . o   ooB.o*|
[   50.817312]          cloud-initStarting /etc/rc.local Compatibility...[951]: 
|      o =   *.oo*|
[   50.888474] [cloud-init[0;32m  OK  [0m[951]: ] |   . o . + o = o+|Started D-Bus System Message Bus.

[   50.889463] cloud-init[951]: |  . o + S o + .. |
[   50.976548]          cloud-initStarting LSB: Record successful boot for GRUB...[951]: 
|   + + +   o ..  |
         Starting LXD - container startup/shutdown...
[[0;32m  OK  [0m] Started System Logging Service.
[   51.015340] cloud-init[951]: |    *       . .o |
[   51.108453] cloud-init[951]: |   .         ...+|
[   51.109281] cloud-init[951]: |              .E+|
[[0;32m  OK  [0m] Started Snappy daemon.
[[   51.109695] cloud-init[951]: +----[SHA256]-----+
[   51.169581] cloud-init[951]: Generating public/private dsa key pair.
[0;32m  OK  [0m] Started iSCSI initiator daemon (iscsid).
[   51.169735] cloud-init[951]: Your identification has been saved in /etc/ssh/ssh_host_dsa_key.
[   51.232382] cloud-init[951]: Your public key has been saved in /etc/ssh/ssh_host_dsa_key.pub.
[   51.232930] cloud-init[951]: The key fingerprint is:
[[0;32m  OK  [0m] Started /etc/rc.local Compatibility.
[   51.233237] cloud-init[951]: SHA256:HV/hcNV1UvPFx3rQ8awczsQDRJoZ/LnqiFG2R0qxDjk root@ubuntu-xenial
[   51.432439] cloud-init[951]: The key's randomart image is:
[   51.433009] cloud-init[951]: +---[DSA 1024]----+
[[0;32m  OK  [0m] Started Pollinate to seed the pseudo random number generator.
[   51.433497] cloud-init[951]: |         ..o= +OX|
[[   51.572324] cloud-init[951]: |          .= *.+%|
[   51.573109] cloud-init[951]: |        . =. .Bo=|
[0;32m  OK  [0m] Started LXD - container startup/shutdown.
[   51.573405] cloud-init[951]: |       . + oo*.+.|
[   51.688602] cloud-init[951]: |      E S o ..=. |
[[   51.728418] cloud-init[951]: |       B +  .    |
[   51.729219] cloud-init[951]: |      . + ..     |
[0;32m  OK  [0m] Started LSB: MD monitoring daemon.
[   51.729430] cloud-init[951]: |       o o.      |
[   51.807039] cloud-init[951]: |      . ...      |
[   51.807422] cloud-init[951]: +----[SHA256]-----+
[   51.807653] cloud-init[951]: Generating public/private ecdsa key pair.
[   51.807891] cloud-init[951]: Your identification has been saved in /etc/ssh/ssh_host_ecdsa_key.
[[0;32m  OK  [0m] Started LSB: Record successful boot for GRUB.
[   51.808370] cloud-init[951]: Your public key has been saved in /etc/ssh/ssh_host_ecdsa_key.pub.
[   51.884975] cloud-init[951]: The key fingerprint is:
[[0;32m  OK  [0m] Started Virtualbox guest utils.
[   51.885256] cloud-init[951]: SHA256:wtD62IgX5o4q6TNWCWaHBfTvcb9Qk/hy12ZNq08sTLo root@ubuntu-xenial
[   52.024920] [cloud-init[0;32m  OK  [0m[951]: ] The key's randomart image is:Started Login Service.

[   52.025892] cloud-init[951]: +---[ECDSA 256]---+
[   52.113431]          cloud-initStarting Authenticate and Authorize Users to Run Privileged Tasks...[951]: 
|.o.              |
[   52.184571]          cloud-initStarting OpenBSD Secure Shell server...[951]: 
|  .. .           |
         Starting Login to default iSCSI targets...
[   52.228636] cloud-init[951]: |  o.. .          |
[   52.280389]          cloud-initStarting Wait until snapd is fully seeded...[951]: 
| = ..+  . .      |
[   52.281384] cloud-init[951]: |o o =oooS+   . . |
[   52.324382] cloud-init[951]: |   *.*o.+ . = + .|
[   52.348357] cloud-init[951]: | .o =.oo + o * = |
[   52.360248] [cloud-init[0;32m  OK  [0m[951]: ] |o+ +    + o + +  |Started Authenticate and Authorize Users to Run Privileged Tasks.

[[0;32m  OK  [0m] Started OpenBSD Secure Shell server.
[   52.361039] cloud-init[951]: |=o+ .    . E ... |
[[0;32m  OK  [0m] Started Accounts Service.
[   52.507609] cloud-init[951]: +----[SHA256]-----+
[   52.576576] cloud-init[951]: Generating public/private ed25519 key pair.
[[0;32m  OK  [0m] Started Login to default iSCSI targets.
[   52.577511] cloud-init[951]: Your identification has been saved in /etc/ssh/ssh_host_ed25519_key.
[[   52.680454] cloud-init[951]: Your public key has been saved in /etc/ssh/ssh_host_ed25519_key.pub.
[   52.681061] cloud-init[951]: The key fingerprint is:
[0;32m  OK  [0m] Reached target Remote File Systems (Pre).
[   52.681346] cloud-init[951]: SHA256:FBJU33WtLBLyVFyBi5LPMhDrw8nbVrE1hJLWixbCPw4 root@ubuntu-xenial
[   52.824911] cloud-init[951]: The key's randomart image is:
[[0;32m  OK  [0m] Reached target Remote File Systems.
[   52.825274] cloud-init[951]: +--[ED25519 256]--+
[   52.953301] cloud-init[951]: |     o+ooo +.o+.o|
[   52.954737] cloud-init[951]: |      +.*o=.+. ..|
         Starting Permit User Sessions...
[   53.001011] cloud-init[951]: |       *.O.=.o . |
[   53.104349] cloud-init[951]: |      E.B * = o  |
[   53.104745] cloud-init[951]: |     + *S= = o   |
         Starting LSB: daemon to balance interrupts for SMP systems...
[   53.104984] cloud-init[951]: |      * + =      |
[   53.344847] cloud-init[951]: |       + +       |
         Starting LSB: automatic crash report generation...
[   53.345541] cloud-init[951]: |      . o        |
[   53.417012] cloud-init[951]: |       .         |
[   53.417572] cloud-init[951]: +----[SHA256]-----+
         Starting LSB: Set the CPU Frequency Scaling governor to "ondemand"...
[[0;32m  OK  [0m] Started Wait until snapd is fully seeded.
[[0;32m  OK  [0m] Started Permit User Sessions.
[[0;32m  OK  [0m] Started LSB: daemon to balance interrupts for SMP systems.
[[0;32m  OK  [0m] Started LSB: automatic crash report generation.
[[0;32m  OK  [0m] Started LSB: Set the CPU Frequency Scaling governor to "ondemand".
[[0;32m  OK  [0m] Created slice User Slice of vagrant.
[[0;32m  OK  [0m] Started Session 1 of user vagrant.
         Starting User Manager for UID 1000...
         Starting Terminate Plymouth Boot Screen...
         Starting Hold until boot process finishes up...
         Starting Apply the settings specified in cloud-config...
[[0;32m  OK  [0m] Started User Manager for UID 1000.
[[0;32m  OK  [0m] Started Terminate Plymouth Boot Screen.
[[0;32m  OK  [0m] Started Hold until boot process finishes up.
[[0;32m  OK  [0m] Started Serial Getty on ttyS0.
[[0;32m  OK  [0m] Started Getty on tty1.
[[0;32m  OK  [0m] Reached target Login Prompts.
[   54.751869] cloud-init[1288]: Generating locales (this might take a while)...
         Starting Set console scheme...
[[0;32m  OK  [0m] Reached target Multi-User System.
[[0;32m  OK  [0m] Reached target Graphical Interface.
         Starting Update UTMP about System Runlevel Changes...
[[0;32m  OK  [0m] Started Set console scheme.
[[0;32m  OK  [0m] Started Update UTMP about System Runlevel Changes.
[   55.514242] cloud-init[1288]:   en_US.UTF-8... done
[   55.588684] cloud-init[1288]: Generation complete.
[   55.906004] cloud-init[1288]: Cloud-init v. 18.5-45-g3554ffe8-0ubuntu1~16.04.1 running 'modules:config' at Sun, 25 Aug 2019 10:11:38 +0000. Up 54.66 seconds.
[[0;32m  OK  [0m] Started Apply the settings specified in cloud-config.
         Starting Execute cloud user/final scripts...
ci-info: no authorized ssh keys fingerprints found for user ubuntu.
<14>Aug 25 10:11:40 ec2: 
<14>Aug 25 10:11:40 ec2: #############################################################
<14>Aug 25 10:11:40 ec2: -----BEGIN SSH HOST KEY FINGERPRINTS-----
<14>Aug 25 10:11:40 ec2: 1024 SHA256:HV/hcNV1UvPFx3rQ8awczsQDRJoZ/LnqiFG2R0qxDjk root@ubuntu-xenial (DSA)
<14>Aug 25 10:11:40 ec2: 256 SHA256:wtD62IgX5o4q6TNWCWaHBfTvcb9Qk/hy12ZNq08sTLo root@ubuntu-xenial (ECDSA)
<14>Aug 25 10:11:40 ec2: 256 SHA256:FBJU33WtLBLyVFyBi5LPMhDrw8nbVrE1hJLWixbCPw4 root@ubuntu-xenial (ED25519)
<14>Aug 25 10:11:40 ec2: 2048 SHA256:xIPsI2vMCd1n8dN+VFZxOwcO8EucpxF8WHJfv25r57k root@ubuntu-xenial (RSA)
<14>Aug 25 10:11:40 ec2: -----END SSH HOST KEY FINGERPRINTS-----
<14>Aug 25 10:11:40 ec2: #############################################################
-----BEGIN SSH HOST KEY KEYS-----
ecdsa-sha2-nistp256 AAAAE2VjZHNhLXNoYTItbmlzdHAyNTYAAAAIbmlzdHAyNTYAAABBBBs0FU79cghNnAOxvmo6NPdrCtouOajHYqDcm/UHWV7LEa3sSbYz0dQ0Z91wuNX5g8b3XAP2CTM7pPmje7F3pY4= root@ubuntu-xenial
ssh-ed25519 AAAAC3NzaC1lZDI1NTE5AAAAII80//oB9ajJ7zJ/B8OUA8CLxoalYK28ouIB40gKTh01 root@ubuntu-xenial
ssh-rsa AAAAB3NzaC1yc2EAAAADAQABAAABAQDd1VxfLIXOsp8faS27i/y0d9Xxq5UTstPEDVft8Lwx+7KNZGXPfVA+lzXq4KS8DwDMaQOHV7TGIbdUhGV4VCdd02d7pNNIErglABZqmiXVP40F4AY4rak7l5Is4n6pKuk1clyGcGtEjqWTNflFXm3z7SLYyNklxeifXUYVjS+So9fl8V4xsUFVNLfD4W9ZajiTolgXI9Okx5lDG3heGiaO8eQfAN1OHbiXJMIaB6zye2IN6+ZH/ZVliMUH6IhXkLHgiVHJBPTKmH+pV/f8kaSG28mTb+wSTD/Vg+cAkYEuEtLVuBwj1FlIhXd6glPplrA4y25N9p6DcmvGRmKR5zyd root@ubuntu-xenial
-----END SSH HOST KEY KEYS-----
         Stopping User Manager for UID 1000...
[[0;32m  OK  [0m] Stopped User Manager for UID 1000.
[   57.892278] cloud-init[1438]: Cloud-init v. 18.5-45-g3554ffe8-0ubuntu1~16.04.1 running 'modules:final' at Sun, 25 Aug 2019 10:11:40 +0000. Up 56.55 seconds.
[   58.125442] [cloud-init[0;32m  OK  [0m[1438]: ] ci-info: no authorized ssh keys fingerprints found for user ubuntu.Started Execute cloud user/final scripts.

[   58.126780] cloud-init[1438]: Cloud-init v. 18.5-45-g3554ffe8-0ubuntu1~16.04.1 finished at Sun, 25 Aug 2019 10:11:41 +0000. Datasource DataSourceNoCloud [seed=/dev/sdb][dsmode=net].  Up 57.88 seconds
[[0;32m  OK  [0m] Removed slice User Slice of vagrant.
[[0;32m  OK  [0m] Reached target Cloud-init target.

Ubuntu 16.04.6 LTS ubuntu-xenial ttyS0

ubuntu-xenial login: 